[debug] [2025-08-20T04:40:27.200Z] ----------------------------------------------------------------------
[debug] [2025-08-20T04:40:27.205Z] Command:       C:\Program Files\nodejs\node.exe C:\Users\PMYLS\AppData\Roaming\npm\node_modules\firebase-tools\lib\bin\firebase.js init
[debug] [2025-08-20T04:40:27.205Z] CLI Version:   14.12.1
[debug] [2025-08-20T04:40:27.206Z] Platform:      win32
[debug] [2025-08-20T04:40:27.206Z] Node Version:  v22.16.0
[debug] [2025-08-20T04:40:27.206Z] Time:          Wed Aug 20 2025 09:40:27 GMT+0500 (Pakistan Standard Time)
[debug] [2025-08-20T04:40:27.206Z] ----------------------------------------------------------------------
[debug] 
[debug] [2025-08-20T04:40:27.627Z] > command requires scopes: ["email","openid","https://www.googleapis.com/auth/cloudplatformprojects.readonly","https://www.googleapis.com/auth/firebase","https://www.googleapis.com/auth/cloud-platform"]
[debug] [2025-08-20T04:40:27.628Z] > authorizing via signed-in user (shafiqh850@gmail.com)
[info] 
     ######## #### ########  ######## ########     ###     ######  ########
     ##        ##  ##     ## ##       ##     ##  ##   ##  ##       ##
     ######    ##  ########  ######   ########  #########  ######  ######
     ##        ##  ##    ##  ##       ##     ## ##     ##       ## ##
     ##       #### ##     ## ######## ########  ##     ##  ######  ########

You're about to initialize a Firebase project in this directory:

  D:\React Projects\My Personal Projects\My Portfolio React\myapp

Before we get started, keep in mind:

  * You are initializing within an existing Firebase project directory

[info] 
=== Project Setup
[info] 
[info] First, let's associate this project directory with a Firebase project.
[info] You can create multiple project aliases by running firebase use --add, 
[info] but for now we'll just set up a default project.
[info] 
[debug] [2025-08-20T04:40:40.535Z] Using project from CLI flag: alert-cursor-400204
[debug] [2025-08-20T04:40:40.537Z] Checked if tokens are valid: true, expires at: 1755668250716
[debug] [2025-08-20T04:40:40.537Z] Checked if tokens are valid: true, expires at: 1755668250716
[debug] [2025-08-20T04:40:40.539Z] >>> [apiv2][query] GET https://firebase.googleapis.com/v1beta1/projects/alert-cursor-400204 [none]
[debug] [2025-08-20T04:40:41.692Z] <<< [apiv2][status] GET https://firebase.googleapis.com/v1beta1/projects/alert-cursor-400204 200
[debug] [2025-08-20T04:40:41.693Z] <<< [apiv2][body] GET https://firebase.googleapis.com/v1beta1/projects/alert-cursor-400204 {"projectId":"alert-cursor-400204","projectNumber":"692234720906","displayName":"My First Project","name":"projects/alert-cursor-400204","resources":{"hostingSite":"alert-cursor-400204"},"state":"ACTIVE","etag":"1_315d419a-04b7-4363-861d-99800cfbec7c"}
[info] i  Using project alert-cursor-400204 (My First Project) 
[info] 
=== Hosting Setup
[debug] [2025-08-20T04:40:42.143Z] Checked if tokens are valid: true, expires at: 1755668250716
[debug] [2025-08-20T04:40:42.143Z] Checked if tokens are valid: true, expires at: 1755668250716
[debug] [2025-08-20T04:40:42.143Z] >>> [apiv2][query] GET https://firebase.googleapis.com/v1beta1/projects/alert-cursor-400204 [none]
[debug] [2025-08-20T04:40:42.919Z] <<< [apiv2][status] GET https://firebase.googleapis.com/v1beta1/projects/alert-cursor-400204 200
[debug] [2025-08-20T04:40:42.919Z] <<< [apiv2][body] GET https://firebase.googleapis.com/v1beta1/projects/alert-cursor-400204 {"projectId":"alert-cursor-400204","projectNumber":"692234720906","displayName":"My First Project","name":"projects/alert-cursor-400204","resources":{"hostingSite":"alert-cursor-400204"},"state":"ACTIVE","etag":"1_315d419a-04b7-4363-861d-99800cfbec7c"}
[info] 
[info] Your public directory is the folder (relative to your project directory) that
[info] will contain Hosting assets to be uploaded with firebase deploy. If you
[info] have a build process for your assets, use your build's output directory.
[info] 
